0 info it worked if it ends with ok
1 verbose cli [ '/usr/local/bin/node',
1 verbose cli   '/usr/local/bin/npm',
1 verbose cli   'info',
1 verbose cli   'node-properties' ]
2 info using npm@1.3.24
3 info using node@v0.10.25
4 verbose node symlink /usr/local/bin/node
5 verbose url raw node-properties
6 verbose url resolving [ 'https://registry.npmjs.org/', './node-properties' ]
7 verbose url resolved https://registry.npmjs.org/node-properties
8 info trying registry request attempt 1 at 17:40:01
9 http GET https://registry.npmjs.org/node-properties
10 http 404 https://registry.npmjs.org/node-properties
11 silly registry.get cb [ 404,
11 silly registry.get   { date: 'Mon, 26 May 2014 07:40:28 GMT',
11 silly registry.get     server: 'CouchDB/1.5.0 (Erlang OTP/R14B04)',
11 silly registry.get     'content-type': 'application/json',
11 silly registry.get     via: '1.1 varnish',
11 silly registry.get     'cache-control': 'max-age=0',
11 silly registry.get     'content-length': '52',
11 silly registry.get     'accept-ranges': 'bytes',
11 silly registry.get     age: '0',
11 silly registry.get     'x-served-by': 'cache-v42-ASH, cache-syd1622-SYD',
11 silly registry.get     'x-cache': 'MISS, MISS',
11 silly registry.get     'x-cache-hits': '0, 0',
11 silly registry.get     'x-timer': 'S1401090028.610691,VS0,VE334',
11 silly registry.get     'keep-alive': 'timeout=10, max=50',
11 silly registry.get     connection: 'Keep-Alive' } ]
12 error 404 'node-properties' is not in the npm registry.
12 error 404 You should bug the author to publish it
12 error 404
12 error 404 Maybe try 'npm search properties'
12 error 404
12 error 404 Note that you can also install from a
12 error 404 tarball, folder, or http url, or git url.
13 error System Linux 3.13.0-24-generic
14 error command "/usr/local/bin/node" "/usr/local/bin/npm" "info" "node-properties"
15 error cwd /home/glenn/code/js/jokes
16 error node -v v0.10.25
17 error npm -v 1.3.24
18 error code E404
19 verbose exit [ 1, true ]
